Using pre-set license
Built from '2020.3/release' branch; Version is '2020.3.7f1 (dd97f2c94397) revision 14522354'; Using compiler version '192528614'; Build Type 'Release'
OS: 'Windows 10 Home Single Language; OS build 19042.985; Version 2009; 64bit' Language: 'pt' Physical Memory: 8068 MB
BatchMode: 1, IsHumanControllingUs: 0, StartBugReporterOnCrash: 0, Is64bit: 1, IsPro: 0

 COMMAND LINE ARGUMENTS:
C:\Program Files\Unity\Hub\Editor\2020.3.7f1\Editor\Unity.exe
-adb2
-batchMode
-noUpm
-name
AssetImportWorker0
-projectPath
C:/Users/LUIZ AUGUSTO/Desktop/Curso Atarde Game/Megaman/Megamen
-logFile
Logs/AssetImportWorker0.log
-srvPort
60235
Successfully changed project path to: C:/Users/LUIZ AUGUSTO/Desktop/Curso Atarde Game/Megaman/Megamen
C:/Users/LUIZ AUGUSTO/Desktop/Curso Atarde Game/Megaman/Megamen
Using Asset Import Pipeline V2.
Refreshing native plugins compatible for Editor in 127.50 ms, found 1 plugins.
Preloading 0 native plugins for Editor in 0.00 ms.
Initialize engine version: 2020.3.7f1 (dd97f2c94397)
[Subsystems] Discovering subsystems at path C:/Program Files/Unity/Hub/Editor/2020.3.7f1/Editor/Data/Resources/UnitySubsystems
[Subsystems] Discovering subsystems at path C:/Users/LUIZ AUGUSTO/Desktop/Curso Atarde Game/Megaman/Megamen/Assets
GfxDevice: creating device client; threaded=0
Direct3D:
    Version:  Direct3D 11.0 [level 11.0]
    Renderer: Intel(R) HD Graphics 4000 (ID=0x166)
    Vendor:   
    VRAM:     1996 MB
    Driver:   10.18.13.5362
Initialize mono
Mono path[0] = 'C:/Program Files/Unity/Hub/Editor/2020.3.7f1/Editor/Data/Managed'
Mono path[1] = 'C:/Program Files/Unity/Hub/Editor/2020.3.7f1/Editor/Data/MonoBleedingEdge/lib/mono/unityjit'
Mono config path = 'C:/Program Files/Unity/Hub/Editor/2020.3.7f1/Editor/Data/MonoBleedingEdge/etc'
Using monoOptions --debugger-agent=transport=dt_socket,embedding=1,server=y,suspend=n,address=127.0.0.1:56592
Begin MonoManager ReloadAssembly
Registering precompiled unity dll's ...
Register platform support module: C:/Program Files/Unity/Hub/Editor/2020.3.7f1/Editor/Data/PlaybackEngines/WindowsStandaloneSupport/UnityEditor.WindowsStandalone.Extensions.dll
Registered in 0.007627 seconds.
Native extension for WindowsStandalone target not found
Refreshing native plugins compatible for Editor in 126.55 ms, found 1 plugins.
Preloading 0 native plugins for Editor in 0.00 ms.
Mono: successfully reloaded assembly
- Completed reload, in  3.589 seconds
Platform modules already initialized, skipping
Registering precompiled user dll's ...
Registered in 0.003770 seconds.
Begin MonoManager ReloadAssembly
Native extension for WindowsStandalone target not found
Refreshing native plugins compatible for Editor in 131.96 ms, found 1 plugins.
Preloading 0 native plugins for Editor in 0.00 ms.
Mono: successfully reloaded assembly
- Completed reload, in  3.655 seconds
Platform modules already initialized, skipping
========================================================================
Worker process is ready to serve import requests
Launched and connected shader compiler UnityShaderCompiler.exe after 0.17 seconds
Refreshing native plugins compatible for Editor in 0.89 ms, found 1 plugins.
Preloading 0 native plugins for Editor in 0.00 ms.
Unloading 1862 Unused Serialized files (Serialized files now loaded: 0)
System memory in use before: 88.3 MB.
System memory in use after: 88.2 MB.

Unloading 24 unused Assets to reduce memory usage. Loaded Objects now: 2306.
Total: 11.280600 ms (FindLiveObjects: 0.782800 ms CreateObjectMapping: 0.506000 ms MarkObjects: 9.565900 ms  DeleteObjects: 0.422500 ms)

========================================================================
Received Import Request.
  path: Assets/Script/LoadLevel.cs
  artifactKey: Guid(b2791821668f88e4bbe13ca718cf51a2) Importer(815301076,1909f56bfc062723c751e8b465ee728b)
Start importing Assets/Script/LoadLevel.cs using Guid(b2791821668f88e4bbe13ca718cf51a2) Importer(815301076,1909f56bfc062723c751e8b465ee728b)  -> (artifact id: 'b2e9b654f29440fe9cb2451da9f8b804') in 0.118795 seconds
  Import took 0.162738 seconds .

========================================================================
Received Import Request.
  Time since last request: 233.116242 seconds.
  path: Assets/Scenes/Credits.unity
  artifactKey: Guid(15b2325b0c5bdb34eb92eff9b6b37b98) Importer(815301076,1909f56bfc062723c751e8b465ee728b)
Start importing Assets/Scenes/Credits.unity using Guid(15b2325b0c5bdb34eb92eff9b6b37b98) Importer(815301076,1909f56bfc062723c751e8b465ee728b)  -> (artifact id: '52d114cdf14793abaa7db9294f7789c8') in 0.031364 seconds
  Import took 0.398814 seconds .

========================================================================
Received Import Request.
  Time since last request: 285.339182 seconds.
  path: Assets/Scenes/StartMenu.unity
  artifactKey: Guid(575b9bb43ce3c89408680f60cc5bcaca) Importer(815301076,1909f56bfc062723c751e8b465ee728b)
Start importing Assets/Scenes/StartMenu.unity using Guid(575b9bb43ce3c89408680f60cc5bcaca) Importer(815301076,1909f56bfc062723c751e8b465ee728b)  -> (artifact id: '692c56c9259937a3e1e2e56d36ade6da') in 0.040349 seconds
  Import took 0.081478 seconds .

========================================================================
Received Import Request.
  Time since last request: 1311.181873 seconds.
  path: Assets/Animations/Player/Shot.anim
  artifactKey: Guid(46513b1823cb1dd4d9fe19d2b94ea688) Importer(815301076,1909f56bfc062723c751e8b465ee728b)
Start importing Assets/Animations/Player/Shot.anim using Guid(46513b1823cb1dd4d9fe19d2b94ea688) Importer(815301076,1909f56bfc062723c751e8b465ee728b)  -> (artifact id: 'a806197b8e07a39e9cbfdd4f3951ade3') in 0.067884 seconds
  Import took 0.135135 seconds .

========================================================================
Received Import Request.
  Time since last request: 0.142238 seconds.
  path: Assets/Animations/Player/Shot.anim
  artifactKey: Guid(46513b1823cb1dd4d9fe19d2b94ea688) Importer(815301076,1909f56bfc062723c751e8b465ee728b)
Start importing Assets/Animations/Player/Shot.anim using Guid(46513b1823cb1dd4d9fe19d2b94ea688) Importer(815301076,1909f56bfc062723c751e8b465ee728b)  -> (artifact id: 'a806197b8e07a39e9cbfdd4f3951ade3') in 0.017680 seconds
  Import took 0.023217 seconds .

AssetImportWorkerClient::OnTransportError - code=2 error=End of file
